# JRE version: OpenJDK Runtime Environment (17.0.9) (build 17.0.9+0--11185874)
# Java VM: OpenJDK 64-Bit Server VM (17.0.9+0--11185874, mixed mode, tiered, compressed oops, compressed class ptrs, g1 gc, windows-amd64)
GC Precious Log:
 CPUs: 8 total, 8 available
 Memory: 16145M
 Large Page Support: Disabled
 NUMA Support: Disabled
 Compressed Oops: Enabled (32-bit)
 Heap Region Size: 1M
 Heap Min Capacity: 8M
 Heap Initial Capacity: 254M
 Heap Max Capacity: 2G
 Pre-touch: Disabled
 Parallel Workers: 8
 Concurrent Workers: 2
 Concurrent Refinement Workers: 8
 Periodic GC: Disabled
Heap:
 garbage-first heap   total 317440K, used 255609K [0x0000000080000000, 0x0000000100000000)
  region size 1024K, 3 young (3072K), 3 survivors (3072K)
 Metaspace       used 117329K, committed 118208K, reserved 1179648K
  class space    used 16392K, committed 16832K, reserved 1048576K
GC Heap History (20 events):
Event: 19.225 GC heap after
{Heap after GC invocations=46 (full 0):
 garbage-first heap   total 219136K, used 119224K [0x0000000080000000, 0x0000000100000000)
  region size 1024K, 8 young (8192K), 8 survivors (8192K)
 Metaspace       used 108744K, committed 109568K, reserved 1179648K
  class space    used 15262K, committed 15680K, reserved 1048576K
}
Event: 20.118 GC heap before
{Heap before GC invocations=46 (full 0):
 garbage-first heap   total 219136K, used 179640K [0x0000000080000000, 0x0000000100000000)
  region size 1024K, 68 young (69632K), 8 survivors (8192K)
 Metaspace       used 111708K, committed 112576K, reserved 1179648K
  class space    used 15636K, committed 16064K, reserved 1048576K
}
Event: 20.130 GC heap after
{Heap after GC invocations=47 (full 0):
 garbage-first heap   total 219136K, used 123205K [0x0000000080000000, 0x0000000100000000)
  region size 1024K, 7 young (7168K), 7 survivors (7168K)
 Metaspace       used 111708K, committed 112576K, reserved 1179648K
  class space    used 15636K, committed 16064K, reserved 1048576K
}
Event: 20.535 GC heap before
{Heap before GC invocations=47 (full 0):
 garbage-first heap   total 219136K, used 178501K [0x0000000080000000, 0x0000000100000000)
  region size 1024K, 62 young (63488K), 7 survivors (7168K)
 Metaspace       used 112807K, committed 113600K, reserved 1179648K
  class space    used 15799K, committed 16192K, reserved 1048576K
}
Event: 20.548 GC heap after
{Heap after GC invocations=48 (full 0):
 garbage-first heap   total 219136K, used 126226K [0x0000000080000000, 0x0000000100000000)
  region size 1024K, 6 young (6144K), 6 survivors (6144K)
 Metaspace       used 112807K, committed 113600K, reserved 1179648K
  class space    used 15799K, committed 16192K, reserved 1048576K
}
Event: 21.092 GC heap before
{Heap before GC invocations=48 (full 0):
 garbage-first heap   total 219136K, used 184594K [0x0000000080000000, 0x0000000100000000)
  region size 1024K, 59 young (60416K), 6 survivors (6144K)
 Metaspace       used 114065K, committed 114944K, reserved 1179648K
  class space    used 15901K, committed 16320K, reserved 1048576K
}
Event: 21.098 GC heap after
{Heap after GC invocations=49 (full 0):
 garbage-first heap   total 219136K, used 128160K [0x0000000080000000, 0x0000000100000000)
  region size 1024K, 5 young (5120K), 5 survivors (5120K)
 Metaspace       used 114065K, committed 114944K, reserved 1179648K
  class space    used 15901K, committed 16320K, reserved 1048576K
}
Event: 21.217 GC heap before
{Heap before GC invocations=49 (full 0):
 garbage-first heap   total 219136K, used 143520K [0x0000000080000000, 0x0000000100000000)
  region size 1024K, 18 young (18432K), 5 survivors (5120K)
 Metaspace       used 114234K, committed 115072K, reserved 1179648K
  class space    used 15919K, committed 16320K, reserved 1048576K
}
Event: 21.221 GC heap after
{Heap after GC invocations=50 (full 0):
 garbage-first heap   total 219136K, used 134072K [0x0000000080000000, 0x0000000100000000)
  region size 1024K, 4 young (4096K), 4 survivors (4096K)
 Metaspace       used 114234K, committed 115072K, reserved 1179648K
  class space    used 15919K, committed 16320K, reserved 1048576K
}
Event: 21.276 GC heap before
{Heap before GC invocations=50 (full 0):
 garbage-first heap   total 219136K, used 164792K [0x0000000080000000, 0x0000000100000000)
  region size 1024K, 5 young (5120K), 4 survivors (4096K)
 Metaspace       used 114234K, committed 115072K, reserved 1179648K
  class space    used 15919K, committed 16320K, reserved 1048576K
}
Event: 21.280 GC heap after
{Heap after GC invocations=51 (full 0):
 garbage-first heap   total 219136K, used 164508K [0x0000000080000000, 0x0000000100000000)
  region size 1024K, 4 young (4096K), 4 survivors (4096K)
 Metaspace       used 114234K, committed 115072K, reserved 1179648K
  class space    used 15919K, committed 16320K, reserved 1048576K
}
Event: 21.666 GC heap before
{Heap before GC invocations=52 (full 0):
 garbage-first heap   total 317440K, used 213660K [0x0000000080000000, 0x0000000100000000)
  region size 1024K, 19 young (19456K), 4 survivors (4096K)
 Metaspace       used 114884K, committed 115648K, reserved 1179648K
  class space    used 16027K, committed 16384K, reserved 1048576K
}
Event: 21.670 GC heap after
{Heap after GC invocations=53 (full 0):
 garbage-first heap   total 317440K, used 208289K [0x0000000080000000, 0x0000000100000000)
  region size 1024K, 3 young (3072K), 3 survivors (3072K)
 Metaspace       used 114884K, committed 115648K, reserved 1179648K
  class space    used 16027K, committed 16384K, reserved 1048576K
}
Event: 22.044 GC heap before
{Heap before GC invocations=53 (full 0):
 garbage-first heap   total 317440K, used 219553K [0x0000000080000000, 0x0000000100000000)
  region size 1024K, 15 young (15360K), 3 survivors (3072K)
 Metaspace       used 116398K, committed 117248K, reserved 1179648K
  class space    used 16260K, committed 16704K, reserved 1048576K
}
Event: 22.049 GC heap after
{Heap after GC invocations=54 (full 0):
 garbage-first heap   total 317440K, used 205767K [0x0000000080000000, 0x0000000100000000)
  region size 1024K, 1 young (1024K), 1 survivors (1024K)
 Metaspace       used 116398K, committed 117248K, reserved 1179648K
  class space    used 16260K, committed 16704K, reserved 1048576K
}
Event: 22.301 GC heap before
{Heap before GC invocations=54 (full 0):
 garbage-first heap   total 317440K, used 246727K [0x0000000080000000, 0x0000000100000000)
  region size 1024K, 13 young (13312K), 1 survivors (1024K)
 Metaspace       used 117325K, committed 118208K, reserved 1179648K
  class space    used 16392K, committed 16832K, reserved 1048576K
}
Event: 22.304 GC heap after
{Heap after GC invocations=55 (full 0):
 garbage-first heap   total 317440K, used 232341K [0x0000000080000000, 0x0000000100000000)
  region size 1024K, 3 young (3072K), 3 survivors (3072K)
 Metaspace       used 117325K, committed 118208K, reserved 1179648K
  class space    used 16392K, committed 16832K, reserved 1048576K
}
Event: 22.322 GC heap before
{Heap before GC invocations=55 (full 0):
 garbage-first heap   total 317440K, used 249749K [0x0000000080000000, 0x0000000100000000)
  region size 1024K, 4 young (4096K), 3 survivors (3072K)
 Metaspace       used 117325K, committed 118208K, reserved 1179648K
  class space    used 16392K, committed 16832K, reserved 1048576K
}
Event: 22.325 GC heap after
{Heap after GC invocations=56 (full 0):
 garbage-first heap   total 317440K, used 249856K [0x0000000080000000, 0x0000000100000000)
  region size 1024K, 3 young (3072K), 3 survivors (3072K)
 Metaspace       used 117325K, committed 118208K, reserved 1179648K
  class space    used 16392K, committed 16832K, reserved 1048576K
}
Event: 22.435 GC heap before
{Heap before GC invocations=56 (full 0):
 garbage-first heap   total 317440K, used 308224K [0x0000000080000000, 0x0000000100000000)
  region size 1024K, 11 young (11264K), 3 survivors (3072K)
 Metaspace       used 117329K, committed 118208K, reserved 1179648K
  class space    used 16392K, committed 16832K, reserved 1048576K
}

